<?xml version="1.0" encoding="UTF-8"?>
<!-- Generated by org.testng.reporters.JUnitReportReporter -->
<testsuite skipped="0" hostname="annakidanova.local" name="demo.test8" tests="1" failures="0" timestamp="31 окт 2018 23:20:39 GMT" time="96.392" errors="0">
  <testcase name="testAboutPage" time="96.392" classname="demo.test8"/>
</testsuite> <!-- demo.test8 -->
