<?xml version="1.0" encoding="UTF-8"?>
<!-- Generated by org.testng.reporters.JUnitReportReporter -->
<testsuite skipped="0" hostname="annakidanova.local" name="demo.test9" tests="1" failures="0" timestamp="31 окт 2018 23:23:54 GMT" time="14.278" errors="0">
  <testcase name="testFeedbackPage" time="14.278" classname="demo.test9"/>
</testsuite> <!-- demo.test9 -->
