<?xml version="1.0" encoding="UTF-8"?>
<!-- Generated by org.testng.reporters.JUnitReportReporter -->
<testsuite skipped="0" hostname="annakidanova.local" name="demo.test2" tests="1" failures="0" timestamp="31 окт 2018 20:17:44 GMT" time="48.198" errors="0">
  <testcase name="testEditingPassword" time="48.198" classname="demo.test2"/>
</testsuite> <!-- demo.test2 -->
