<?xml version="1.0" encoding="UTF-8"?>
<!-- Generated by org.testng.reporters.JUnitReportReporter -->
<testsuite skipped="0" hostname="annakidanova.local" name="demo.test4" tests="1" failures="0" timestamp="31 окт 2018 22:55:18 GMT" time="4.089" errors="0">
  <testcase name="testAccountBookToday" time="4.089" classname="demo.test4"/>
</testsuite> <!-- demo.test4 -->
