<?xml version="1.0" encoding="UTF-8"?>
<!-- Generated by org.testng.reporters.JUnitReportReporter -->
<testsuite skipped="0" hostname="annakidanova.local" name="demo.test5" tests="1" failures="0" timestamp="31 окт 2018 23:05:58 GMT" time="2.871" errors="0">
  <testcase name="testBookCustomView" time="2.871" classname="demo.test5"/>
</testsuite> <!-- demo.test5 -->
