<?xml version="1.0" encoding="UTF-8"?>
<!-- Generated by org.testng.reporters.JUnitReportReporter -->
<testsuite skipped="0" hostname="annakidanova.local" name="demo.testCoCoinApp" tests="1" failures="0" timestamp="31 окт 2018 19:48:00 GMT" time="34.294" errors="0">
  <testcase name="testSettingPassword" time="34.294" classname="demo.testCoCoinApp"/>
</testsuite> <!-- demo.testCoCoinApp -->
