<?xml version="1.0" encoding="UTF-8"?>
<!-- Generated by org.testng.reporters.JUnitReportReporter -->
<testsuite skipped="0" hostname="annakidanova.local" name="demo.test7" tests="1" failures="0" timestamp="31 окт 2018 23:09:44 GMT" time="78.579" errors="0">
  <testcase name="testBookTagView" time="78.579" classname="demo.test7"/>
</testsuite> <!-- demo.test7 -->
