<?xml version="1.0" encoding="UTF-8"?>
<!-- Generated by org.testng.reporters.JUnitReportReporter -->
<testsuite skipped="0" hostname="annakidanova.local" name="demo.test6" tests="1" failures="0" timestamp="31 окт 2018 23:07:44 GMT" time="3.644" errors="0">
  <testcase name="testBookReportView" time="3.644" classname="demo.test6"/>
</testsuite> <!-- demo.test6 -->
