<?xml version="1.0" encoding="UTF-8"?>
<!-- Generated by org.testng.reporters.JUnitReportReporter -->
<testsuite skipped="0" hostname="annakidanova.local" name="demo.StartApplication" tests="1" failures="0" timestamp="31 окт 2018 12:51:34 GMT" time="0.016" errors="0">
  <testcase name="testApp" time="0.016" classname="demo.StartApplication"/>
</testsuite> <!-- demo.StartApplication -->
